  xorshift.cpp
  wndproc.cpp
c:\gl31_team_creation\resource.h(63): warning C4005: 'ID_STATUSBAR': マクロが再定義されました。
  c:\gl31_team_creation\wndproc.h(35): note: 'ID_STATUSBAR' の以前の定義を確認してください
c:\gl31_team_creation\soundal.h(22): fatal error C1083: include ファイルを開けません。'alut.h':No such file or directory
  Vector3.cpp
  Title.cpp
c:\gl31_team_creation\soundal.h(22): fatal error C1083: include ファイルを開けません。'alut.h':No such file or directory
  Texture2DGL.cpp
  Sprite.cpp
  SoundAL.cpp
c:\gl31_team_creation\soundal.h(22): fatal error C1083: include ファイルを開けません。'alut.h':No such file or directory
  SceneGLTimer.cpp
c:\gl31_team_creation\soundal.h(22): fatal error C1083: include ファイルを開けません。'alut.h':No such file or directory
  SceneGL.cpp
  Scene2DGL.cpp
  Result.cpp
c:\gl31_team_creation\soundal.h(22): fatal error C1083: include ファイルを開けません。'alut.h':No such file or directory
  RendererGL.cpp
  QPCounter.cpp
c:\gl31_team_creation\qpcounter.cpp(254): warning C4244: '=': 'LONGLONG' から 'DWORD' への変換です。データが失われる可能性があります。
  Number.cpp
c:\gl31_team_creation\soundal.h(22): fatal error C1083: include ファイルを開けません。'alut.h':No such file or directory
  MousePointer.cpp
  Mode.cpp
  Manager.cpp
c:\gl31_team_creation\soundal.h(22): fatal error C1083: include ファイルを開けません。'alut.h':No such file or directory
  main.cpp
c:\gl31_team_creation\soundal.h(22): fatal error C1083: include ファイルを開けません。'alut.h':No such file or directory
  kouno.cpp
  Input.cpp
  コードを生成中...
  コンパイル中...
  ImageTGA.cpp
  Game.cpp
c:\gl31_team_creation\soundal.h(22): fatal error C1083: include ファイルを開けません。'alut.h':No such file or directory
  Fade.cpp
c:\gl31_team_creation\soundal.h(22): fatal error C1083: include ファイルを開けません。'alut.h':No such file or directory
  DirectInput.cpp
  DIMouse.cpp
  DIKeyboard.cpp
  Dialog.cpp
  Color.cpp
  コードを生成中...
