c:\users\ths40102\desktop\gl31_template_ver_0.1\debug\vc120.pdb
c:\users\ths40102\desktop\gl31_template_ver_0.1\debug\vc120.idb
c:\users\ths40102\desktop\gl31_template_ver_0.1\debug\imagetga.obj
c:\users\ths40102\desktop\gl31_template_ver_0.1\debug\input.obj
c:\users\ths40102\desktop\gl31_template_ver_0.1\debug\main.obj
c:\users\ths40102\desktop\gl31_template_ver_0.1\debug\manager.obj
c:\users\ths40102\desktop\gl31_template_ver_0.1\debug\mode.obj
c:\users\ths40102\desktop\gl31_template_ver_0.1\debug\mousepointer.obj
c:\users\ths40102\desktop\gl31_template_ver_0.1\debug\number.obj
c:\users\ths40102\desktop\gl31_template_ver_0.1\debug\qpcounter.obj
c:\users\ths40102\desktop\gl31_template_ver_0.1\debug\renderergl.obj
c:\users\ths40102\desktop\gl31_template_ver_0.1\debug\result.obj
c:\users\ths40102\desktop\gl31_template_ver_0.1\debug\scene2dgl.obj
c:\users\ths40102\desktop\gl31_template_ver_0.1\debug\scenegl.obj
c:\users\ths40102\desktop\gl31_template_ver_0.1\debug\scenegltimer.obj
c:\users\ths40102\desktop\gl31_template_ver_0.1\debug\soundal.obj
c:\users\ths40102\desktop\gl31_template_ver_0.1\debug\sprite.obj
c:\users\ths40102\desktop\gl31_template_ver_0.1\debug\texture2dgl.obj
c:\users\ths40102\desktop\gl31_template_ver_0.1\debug\title.obj
c:\users\ths40102\desktop\gl31_template_ver_0.1\debug\vector3.obj
c:\users\ths40102\desktop\gl31_template_ver_0.1\debug\wndproc.obj
c:\users\ths40102\desktop\gl31_template_ver_0.1\debug\xorshift.obj
c:\users\ths40102\desktop\gl31_template_ver_0.1\debug\color.obj
c:\users\ths40102\desktop\gl31_template_ver_0.1\debug\dialog.obj
c:\users\ths40102\desktop\gl31_template_ver_0.1\debug\dikeyboard.obj
c:\users\ths40102\desktop\gl31_template_ver_0.1\debug\dimouse.obj
c:\users\ths40102\desktop\gl31_template_ver_0.1\debug\directinput.obj
c:\users\ths40102\desktop\gl31_template_ver_0.1\debug\fade.obj
c:\users\ths40102\desktop\gl31_template_ver_0.1\debug\game.obj
c:\users\ths40102\desktop\gl31_template_ver_0.1\debug\gl31_template_ver_0.1.ilk
c:\users\ths40102\desktop\gl31_template_ver_0.1\debug\gl31_template_ver_0.1.exe
c:\users\ths40102\desktop\gl31_template_ver_0.1\debug\gl31_template_ver_0.1.pdb
c:\users\ths40102\desktop\gl31_template_ver_0.1\debug\modelviewer.res
c:\users\ths40102\desktop\gl31_template_ver_0.1\debug\gl31_tem.efbbf83d.tlog\cl.command.1.tlog
c:\users\ths40102\desktop\gl31_template_ver_0.1\debug\gl31_tem.efbbf83d.tlog\cl.read.1.tlog
c:\users\ths40102\desktop\gl31_template_ver_0.1\debug\gl31_tem.efbbf83d.tlog\cl.write.1.tlog
c:\users\ths40102\desktop\gl31_template_ver_0.1\debug\gl31_tem.efbbf83d.tlog\link.command.1.tlog
c:\users\ths40102\desktop\gl31_template_ver_0.1\debug\gl31_tem.efbbf83d.tlog\link.read.1.tlog
c:\users\ths40102\desktop\gl31_template_ver_0.1\debug\gl31_tem.efbbf83d.tlog\link.write.1.tlog
c:\users\ths40102\desktop\gl31_template_ver_0.1\debug\gl31_tem.efbbf83d.tlog\rc.command.1.tlog
c:\users\ths40102\desktop\gl31_template_ver_0.1\debug\gl31_tem.efbbf83d.tlog\rc.read.1.tlog
c:\users\ths40102\desktop\gl31_template_ver_0.1\debug\gl31_tem.efbbf83d.tlog\rc.write.1.tlog
